0 info it worked if it ends with ok
1 verbose cli [ 'C:\\cfx\\nodejs\\\\node.exe',
1 verbose cli   'C:\\cfx\\nodejs\\node_modules\\npm\\bin\\npm-cli.js',
1 verbose cli   'install',
1 verbose cli   '--save-dev',
1 verbose cli   'html-replace' ]
2 info using npm@1.4.3
3 info using node@v0.10.26
4 verbose node symlink C:\cfx\nodejs\\node.exe
5 warn package.json cfx-js@0.1.2 No README data
6 verbose readDependencies using package.json deps
7 verbose cache add [ 'html-replace', null ]
8 verbose cache add name=undefined spec="html-replace" args=["html-replace",null]
9 verbose parsed url { protocol: null,
9 verbose parsed url   slashes: null,
9 verbose parsed url   auth: null,
9 verbose parsed url   host: null,
9 verbose parsed url   port: null,
9 verbose parsed url   hostname: null,
9 verbose parsed url   hash: null,
9 verbose parsed url   search: null,
9 verbose parsed url   query: null,
9 verbose parsed url   pathname: 'html-replace',
9 verbose parsed url   path: 'html-replace',
9 verbose parsed url   href: 'html-replace' }
10 silly lockFile c43a19a3-html-replace html-replace
11 verbose lock html-replace C:\Users\mattbalmer\AppData\Roaming\npm-cache\c43a19a3-html-replace.lock
12 silly lockFile c43a19a3-html-replace html-replace
13 silly lockFile c43a19a3-html-replace html-replace
14 verbose addNamed [ 'html-replace', '' ]
15 verbose addNamed [ null, '*' ]
16 silly lockFile e2820140-html-replace html-replace@
17 verbose lock html-replace@ C:\Users\mattbalmer\AppData\Roaming\npm-cache\e2820140-html-replace.lock
18 silly addNameRange { name: 'html-replace', range: '*', hasData: false }
19 verbose url raw html-replace
20 verbose url resolving [ 'https://registry.npmjs.org/', './html-replace' ]
21 verbose url resolved https://registry.npmjs.org/html-replace
22 info trying registry request attempt 1 at 13:25:42
23 http GET https://registry.npmjs.org/html-replace
24 http 404 https://registry.npmjs.org/html-replace
25 silly registry.get cb [ 404,
25 silly registry.get   { date: 'Wed, 04 Feb 2015 19:25:43 GMT',
25 silly registry.get     server: 'CouchDB/1.5.0 (Erlang OTP/R16B03)',
25 silly registry.get     'content-type': 'application/json',
25 silly registry.get     'cache-control': 'max-age=0',
25 silly registry.get     'accept-ranges': 'bytes',
25 silly registry.get     via: '1.1 varnish',
25 silly registry.get     age: '0',
25 silly registry.get     'x-served-by': 'cache-dfw1821-DFW',
25 silly registry.get     'x-cache': 'MISS',
25 silly registry.get     'x-cache-hits': '0',
25 silly registry.get     'x-timer': 'S1423077943.338148,VS0,VE64',
25 silly registry.get     'content-length': '52',
25 silly registry.get     connection: 'Keep-Alive' } ]
26 silly lockFile e2820140-html-replace html-replace@
27 silly lockFile e2820140-html-replace html-replace@
28 error 404 'html-replace' is not in the npm registry.
28 error 404 You should bug the author to publish it
28 error 404 It was specified as a dependency of 'cfx-js'
28 error 404
28 error 404 Note that you can also install from a
28 error 404 tarball, folder, or http url, or git url.
29 error System Windows_NT 6.1.7601
30 error command "C:\\cfx\\nodejs\\\\node.exe" "C:\\cfx\\nodejs\\node_modules\\npm\\bin\\npm-cli.js" "install" "--save-dev" "html-replace"
31 error cwd D:\Projects\cfx-js
32 error node -v v0.10.26
33 error npm -v 1.4.3
34 error code E404
35 verbose exit [ 1, true ]
